[debug] [2023-04-12T10:38:21.491Z] ----------------------------------------------------------------------
[debug] [2023-04-12T10:38:21.492Z] Command:       /Users/aneesfazal/.nvm/versions/node/v14.21.3/bin/node /Users/aneesfazal/.nvm/versions/node/v14.21.3/bin/firebase init
[debug] [2023-04-12T10:38:21.492Z] CLI Version:   11.26.0
[debug] [2023-04-12T10:38:21.492Z] Platform:      darwin
[debug] [2023-04-12T10:38:21.493Z] Node Version:  v14.21.3
[debug] [2023-04-12T10:38:21.494Z] Time:          Wed Apr 12 2023 03:38:21 GMT-0700 (Pacific Daylight Time)
[debug] [2023-04-12T10:38:21.494Z] ----------------------------------------------------------------------
[debug] 
[debug] [2023-04-12T10:38:21.500Z] > command requires scopes: ["email","openid","https://www.googleapis.com/auth/cloudplatformprojects.readonly","https://www.googleapis.com/auth/firebase","https://www.googleapis.com/auth/cloud-platform"]
[debug] [2023-04-12T10:38:21.500Z] > authorizing via signed-in user (aneesfazal@folio3.com)
[info] 
     ######## #### ########  ######## ########     ###     ######  ########
     ##        ##  ##     ## ##       ##     ##  ##   ##  ##       ##
     ######    ##  ########  ######   ########  #########  ######  ######
     ##        ##  ##    ##  ##       ##     ## ##     ##       ## ##
     ##       #### ##     ## ######## ########  ##     ##  ######  ########

You're about to initialize a Firebase project in this directory:

  /Users/aneesfazal/Documents/ReactLearning/react-app1

[info] 
=== Project Setup
[info] 
[info] First, let's associate this project directory with a Firebase project.
[info] You can create multiple project aliases by running firebase use --add, 
[info] but for now we'll just set up a default project.
[info] 
[debug] [2023-04-12T10:39:28.089Z] >>> [apiv2][query] GET https://firebase.googleapis.com/v1beta1/projects pageSize=100
[debug] [2023-04-12T10:39:29.212Z] <<< [apiv2][status] GET https://firebase.googleapis.com/v1beta1/projects 200
[debug] [2023-04-12T10:39:29.212Z] <<< [apiv2][body] GET https://firebase.googleapis.com/v1beta1/projects [omitted]
[info] i  Using project react-course-42e5e (react-course) 
[info] 
=== Hosting Setup
[info] 
[info] Your public directory is the folder (relative to your project directory) that
[info] will contain Hosting assets to be uploaded with firebase deploy. If you
[info] have a build process for your assets, use your build's output directory.
[info] 
[info] ✔  Wrote public/404.html 
[debug] [2023-04-12T10:41:12.658Z] >>> [apiv2][query] GET https://www.gstatic.com/firebasejs/releases.json [none]
[debug] [2023-04-12T10:41:13.049Z] <<< [apiv2][status] GET https://www.gstatic.com/firebasejs/releases.json 200
[debug] [2023-04-12T10:41:13.049Z] <<< [apiv2][body] GET https://www.gstatic.com/firebasejs/releases.json {"current":{"version":"9.19.1","browserURL":"https://www.gstatic.com/firebasejs/9.19.1/firebase.js","packageURL":"https://www.gstatic.com/firebasejs/9.19.1/firebase.tgz"},"live":{"version":"9.19","browserURL":"https://www.gstatic.com/firebasejs/live/9.19/firebase.js","packageURL":"https://www.gstatic.com/firebasejs/live/9.19/firebase.tgz"},"components":{"analytics":"https://www.gstatic.com/firebasejs/9.19.1/firebase-analytics.js","app":"https://www.gstatic.com/firebasejs/9.19.1/firebase-app.js","app-check":"https://www.gstatic.com/firebasejs/9.19.1/firebase-app-check.js","auth":"https://www.gstatic.com/firebasejs/9.19.1/firebase-auth.js","auth/cordova":"https://www.gstatic.com/firebasejs/9.19.1/firebase-auth/cordova.js","auth/react-native":"https://www.gstatic.com/firebasejs/9.19.1/firebase-auth/react-native.js","functions":"https://www.gstatic.com/firebasejs/9.19.1/firebase-functions.js","firestore":"https://www.gstatic.com/firebasejs/9.19.1/firebase-firestore.js","firestore/lite":"https://www.gstatic.com/firebasejs/9.19.1/firebase-firestore/lite.js","installations":"https://www.gstatic.com/firebasejs/9.19.1/firebase-installations.js","storage":"https://www.gstatic.com/firebasejs/9.19.1/firebase-storage.js","performance":"https://www.gstatic.com/firebasejs/9.19.1/firebase-performance.js","remote-config":"https://www.gstatic.com/firebasejs/9.19.1/firebase-remote-config.js","messaging":"https://www.gstatic.com/firebasejs/9.19.1/firebase-messaging.js","messaging/sw":"https://www.gstatic.com/firebasejs/9.19.1/firebase-messaging/sw.js","database":"https://www.gstatic.com/firebasejs/9.19.1/firebase-database.js","firestore.memory":"https://www.gstatic.com/firebasejs/9.19.1/firebase-firestore.memory.js"}}
[info] i  Skipping write of public/index.html 
[info] 
[info] i  Detected a .git folder at /Users/aneesfazal/Documents/ReactLearning/react-app1 
[info] i  Authorizing with GitHub to upload your service account to a GitHub repository's secrets store. 
[info] 
[info] Visit this URL on this device to log in:
[info] https://github.com/login/oauth/authorize?client_id=89cf50f02ac6aaed3484&state=871950709&redirect_uri=http%3A%2F%2Flocalhost%3A9005&scope=read%3Auser%20repo%20public_repo
[info] 
[info] Waiting for authentication...
[debug] [2023-04-12T10:43:57.942Z] >>> [apiv2][query] POST https://github.com/login/oauth/access_token [none]
[debug] [2023-04-12T10:43:57.943Z] >>> [apiv2][body] POST https://github.com/login/oauth/access_token [stream]
[debug] [2023-04-12T10:43:58.919Z] <<< [apiv2][status] POST https://github.com/login/oauth/access_token 200
[debug] [2023-04-12T10:43:58.919Z] <<< [apiv2][body] POST https://github.com/login/oauth/access_token {"access_token":"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","token_type":"bearer","scope":"read:user,repo"}
[debug] [2023-04-12T10:43:58.930Z] >>> [apiv2][query] GET https://api.github.com/user [none]
[debug] [2023-04-12T10:43:59.884Z] <<< [apiv2][status] GET https://api.github.com/user 200
[debug] [2023-04-12T10:43:59.884Z] <<< [apiv2][body] GET https://api.github.com/user {"login":"AneesGhouri","id":71085775,"node_id":"MDQ6VXNlcjcxMDg1Nzc1","avatar_url":"https://avatars.githubusercontent.com/u/71085775?v=4","gravatar_id":"","url":"https://api.github.com/users/AneesGhouri","html_url":"https://github.com/AneesGhouri","followers_url":"https://api.github.com/users/AneesGhouri/followers","following_url":"https://api.github.com/users/AneesGhouri/following{/other_user}","gists_url":"https://api.github.com/users/AneesGhouri/gists{/gist_id}","starred_url":"https://api.github.com/users/AneesGhouri/starred{/owner}{/repo}","subscriptions_url":"https://api.github.com/users/AneesGhouri/subscriptions","organizations_url":"https://api.github.com/users/AneesGhouri/orgs","repos_url":"https://api.github.com/users/AneesGhouri/repos","events_url":"https://api.github.com/users/AneesGhouri/events{/privacy}","received_events_url":"https://api.github.com/users/AneesGhouri/received_events","type":"User","site_admin":false,"name":"Anees Fazal","company":"Rpaidzz Solution","blog":"","location":null,"email":null,"hireable":null,"bio":"Android Developer","twitter_username":null,"public_repos":0,"public_gists":0,"followers":0,"following":0,"created_at":"2020-09-10T14:46:23Z","updated_at":"2023-04-12T10:43:45Z","private_gists":0,"total_private_repos":0,"owned_private_repos":0,"disk_usage":0,"collaborators":0,"two_factor_authentication":false,"plan":{"name":"free","space":976562499,"collaborators":0,"private_repos":10000}}
[info] 
[info] ✔  Success! Logged into GitHub as AneesGhouri 
[info] 
